mode: set
citrix-k8s-node-controller/cmd/citrix-node-controller/inputFeeder.go:57.40,60.18 3 1
citrix-k8s-node-controller/cmd/citrix-node-controller/inputFeeder.go:63.9,63.49 1 1
citrix-k8s-node-controller/cmd/citrix-node-controller/inputFeeder.go:66.2,67.18 2 1
citrix-k8s-node-controller/cmd/citrix-node-controller/inputFeeder.go:70.9,70.49 1 1
citrix-k8s-node-controller/cmd/citrix-node-controller/inputFeeder.go:73.2,74.18 2 1
citrix-k8s-node-controller/cmd/citrix-node-controller/inputFeeder.go:77.9,77.47 1 1
citrix-k8s-node-controller/cmd/citrix-node-controller/inputFeeder.go:80.2,82.18 2 1
citrix-k8s-node-controller/cmd/citrix-node-controller/inputFeeder.go:85.9,85.49 1 1
citrix-k8s-node-controller/cmd/citrix-node-controller/inputFeeder.go:88.2,88.13 1 1
citrix-k8s-node-controller/cmd/citrix-node-controller/inputFeeder.go:60.18,62.3 1 1
citrix-k8s-node-controller/cmd/citrix-node-controller/inputFeeder.go:63.49,65.3 1 0
citrix-k8s-node-controller/cmd/citrix-node-controller/inputFeeder.go:67.18,69.3 1 0
citrix-k8s-node-controller/cmd/citrix-node-controller/inputFeeder.go:70.49,72.3 1 0
citrix-k8s-node-controller/cmd/citrix-node-controller/inputFeeder.go:74.18,76.3 1 0
citrix-k8s-node-controller/cmd/citrix-node-controller/inputFeeder.go:77.47,79.3 1 0
citrix-k8s-node-controller/cmd/citrix-node-controller/inputFeeder.go:82.18,84.3 1 0
citrix-k8s-node-controller/cmd/citrix-node-controller/inputFeeder.go:85.49,87.3 1 0
citrix-k8s-node-controller/cmd/citrix-node-controller/inputFeeder.go:92.56,96.45 4 1
citrix-k8s-node-controller/cmd/citrix-node-controller/inputFeeder.go:100.2,100.52 1 1
citrix-k8s-node-controller/cmd/citrix-node-controller/inputFeeder.go:104.2,105.51 2 1
citrix-k8s-node-controller/cmd/citrix-node-controller/inputFeeder.go:109.2,110.51 2 1
citrix-k8s-node-controller/cmd/citrix-node-controller/inputFeeder.go:114.2,115.50 2 1
citrix-k8s-node-controller/cmd/citrix-node-controller/inputFeeder.go:119.2,120.38 2 1
citrix-k8s-node-controller/cmd/citrix-node-controller/inputFeeder.go:124.2,127.22 3 1
citrix-k8s-node-controller/cmd/citrix-node-controller/inputFeeder.go:131.2,132.49 2 1
citrix-k8s-node-controller/cmd/citrix-node-controller/inputFeeder.go:136.2,136.56 1 1
citrix-k8s-node-controller/cmd/citrix-node-controller/inputFeeder.go:140.2,147.45 8 1
citrix-k8s-node-controller/cmd/citrix-node-controller/inputFeeder.go:152.9,154.42 3 1
citrix-k8s-node-controller/cmd/citrix-node-controller/inputFeeder.go:159.2,160.39 2 1
citrix-k8s-node-controller/cmd/citrix-node-controller/inputFeeder.go:164.2,165.40 2 1
citrix-k8s-node-controller/cmd/citrix-node-controller/inputFeeder.go:168.2,169.23 2 1
citrix-k8s-node-controller/cmd/citrix-node-controller/inputFeeder.go:96.45,99.3 2 1
citrix-k8s-node-controller/cmd/citrix-node-controller/inputFeeder.go:100.52,103.3 2 1
citrix-k8s-node-controller/cmd/citrix-node-controller/inputFeeder.go:105.51,108.3 2 0
citrix-k8s-node-controller/cmd/citrix-node-controller/inputFeeder.go:110.51,113.3 2 1
citrix-k8s-node-controller/cmd/citrix-node-controller/inputFeeder.go:115.50,118.3 2 0
citrix-k8s-node-controller/cmd/citrix-node-controller/inputFeeder.go:120.38,123.3 2 0
citrix-k8s-node-controller/cmd/citrix-node-controller/inputFeeder.go:127.22,129.101 2 1
citrix-k8s-node-controller/cmd/citrix-node-controller/inputFeeder.go:132.49,135.3 2 1
citrix-k8s-node-controller/cmd/citrix-node-controller/inputFeeder.go:136.56,138.101 2 0
citrix-k8s-node-controller/cmd/citrix-node-controller/inputFeeder.go:147.45,151.3 3 1
citrix-k8s-node-controller/cmd/citrix-node-controller/inputFeeder.go:154.42,158.3 3 1
citrix-k8s-node-controller/cmd/citrix-node-controller/inputFeeder.go:160.39,163.3 2 1
citrix-k8s-node-controller/cmd/citrix-node-controller/inputFeeder.go:165.40,167.3 1 1
citrix-k8s-node-controller/cmd/citrix-node-controller/inputFeeder.go:179.90,181.5 2 0
citrix-k8s-node-controller/cmd/citrix-node-controller/inputFeeder.go:181.5,183.19 2 0
citrix-k8s-node-controller/cmd/citrix-node-controller/inputFeeder.go:183.19,188.9 5 0
citrix-k8s-node-controller/cmd/citrix-node-controller/inputFeeder.go:202.98,204.25 2 0
citrix-k8s-node-controller/cmd/citrix-node-controller/inputFeeder.go:204.25,206.3 1 0
citrix-k8s-node-controller/cmd/citrix-node-controller/inputFeeder.go:206.8,208.56 2 0
citrix-k8s-node-controller/cmd/citrix-node-controller/inputFeeder.go:208.56,210.133 2 0
citrix-k8s-node-controller/cmd/citrix-node-controller/k8sInterface.go:58.54,66.2 7 1
citrix-k8s-node-controller/cmd/citrix-node-controller/k8sInterface.go:80.63,84.16 4 0
citrix-k8s-node-controller/cmd/citrix-node-controller/k8sInterface.go:93.2,94.16 2 0
citrix-k8s-node-controller/cmd/citrix-node-controller/k8sInterface.go:98.2,100.17 3 0
citrix-k8s-node-controller/cmd/citrix-node-controller/k8sInterface.go:84.16,87.17 3 0
citrix-k8s-node-controller/cmd/citrix-node-controller/k8sInterface.go:87.17,90.4 2 0
citrix-k8s-node-controller/cmd/citrix-node-controller/k8sInterface.go:94.16,97.3 2 0
citrix-k8s-node-controller/cmd/citrix-node-controller/k8sInterface.go:113.121,117.34 2 0
citrix-k8s-node-controller/cmd/citrix-node-controller/k8sInterface.go:128.2,130.8 3 0
citrix-k8s-node-controller/cmd/citrix-node-controller/k8sInterface.go:117.34,119.4 1 0
citrix-k8s-node-controller/cmd/citrix-node-controller/k8sInterface.go:120.57,122.4 1 0
citrix-k8s-node-controller/cmd/citrix-node-controller/k8sInterface.go:123.37,125.4 1 0
citrix-k8s-node-controller/cmd/citrix-node-controller/k8sInterface.go:141.48,144.19 3 1
citrix-k8s-node-controller/cmd/citrix-node-controller/k8sInterface.go:148.2,150.17 3 1
citrix-k8s-node-controller/cmd/citrix-node-controller/k8sInterface.go:144.19,147.10 2 1
citrix-k8s-node-controller/cmd/citrix-node-controller/k8sInterface.go:160.59,162.52 2 0
citrix-k8s-node-controller/cmd/citrix-node-controller/k8sInterface.go:174.2,174.41 1 0
citrix-k8s-node-controller/cmd/citrix-node-controller/k8sInterface.go:162.52,163.33 1 0
citrix-k8s-node-controller/cmd/citrix-node-controller/k8sInterface.go:163.33,166.4 2 0
citrix-k8s-node-controller/cmd/citrix-node-controller/k8sInterface.go:166.8,166.37 1 0
citrix-k8s-node-controller/cmd/citrix-node-controller/k8sInterface.go:166.37,169.4 2 0
citrix-k8s-node-controller/cmd/citrix-node-controller/k8sInterface.go:169.8,169.39 1 0
citrix-k8s-node-controller/cmd/citrix-node-controller/k8sInterface.go:169.39,172.4 2 0
citrix-k8s-node-controller/cmd/citrix-node-controller/k8sInterface.go:184.142,189.16 5 0
citrix-k8s-node-controller/cmd/citrix-node-controller/k8sInterface.go:192.2,193.68 2 0
citrix-k8s-node-controller/cmd/citrix-node-controller/k8sInterface.go:196.2,196.64 1 0
citrix-k8s-node-controller/cmd/citrix-node-controller/k8sInterface.go:200.2,205.36 6 0
citrix-k8s-node-controller/cmd/citrix-node-controller/k8sInterface.go:210.9,210.82 1 0
citrix-k8s-node-controller/cmd/citrix-node-controller/k8sInterface.go:225.2,225.13 1 0
citrix-k8s-node-controller/cmd/citrix-node-controller/k8sInterface.go:189.16,191.3 1 0
citrix-k8s-node-controller/cmd/citrix-node-controller/k8sInterface.go:193.68,195.3 1 0
citrix-k8s-node-controller/cmd/citrix-node-controller/k8sInterface.go:196.64,199.3 2 0
citrix-k8s-node-controller/cmd/citrix-node-controller/k8sInterface.go:205.36,209.3 3 0
citrix-k8s-node-controller/cmd/citrix-node-controller/k8sInterface.go:210.82,211.22 1 0
citrix-k8s-node-controller/cmd/citrix-node-controller/k8sInterface.go:215.3,215.34 1 0
citrix-k8s-node-controller/cmd/citrix-node-controller/k8sInterface.go:218.3,218.30 1 0
citrix-k8s-node-controller/cmd/citrix-node-controller/k8sInterface.go:211.22,214.4 2 0
citrix-k8s-node-controller/cmd/citrix-node-controller/k8sInterface.go:215.34,217.4 1 0
citrix-k8s-node-controller/cmd/citrix-node-controller/k8sInterface.go:218.30,220.4 1 0
citrix-k8s-node-controller/cmd/citrix-node-controller/k8sInterface.go:221.7,224.3 2 0
citrix-k8s-node-controller/cmd/citrix-node-controller/k8sInterface.go:237.135,239.32 2 0
citrix-k8s-node-controller/cmd/citrix-node-controller/k8sInterface.go:239.32,240.48 1 0
citrix-k8s-node-controller/cmd/citrix-node-controller/k8sInterface.go:240.48,242.4 1 0
citrix-k8s-node-controller/cmd/citrix-node-controller/k8sInterface.go:242.8,244.4 1 0
citrix-k8s-node-controller/cmd/citrix-node-controller/k8sInterface.go:245.7,247.3 1 0
citrix-k8s-node-controller/cmd/citrix-node-controller/k8sInterface.go:260.129,262.32 2 0
citrix-k8s-node-controller/cmd/citrix-node-controller/k8sInterface.go:262.32,264.3 1 0
citrix-k8s-node-controller/cmd/citrix-node-controller/k8sInterface.go:264.7,264.79 1 0
citrix-k8s-node-controller/cmd/citrix-node-controller/k8sInterface.go:264.79,266.3 1 0
citrix-k8s-node-controller/cmd/citrix-node-controller/k8sInterface.go:278.138,281.2 2 0
citrix-k8s-node-controller/cmd/citrix-node-controller/k8sInterface.go:293.166,296.20 1 0
citrix-k8s-node-controller/cmd/citrix-node-controller/k8sInterface.go:299.2,299.23 1 0
citrix-k8s-node-controller/cmd/citrix-node-controller/k8sInterface.go:302.2,302.23 1 0
citrix-k8s-node-controller/cmd/citrix-node-controller/k8sInterface.go:296.20,298.3 1 0
citrix-k8s-node-controller/cmd/citrix-node-controller/k8sInterface.go:299.23,301.3 1 0
citrix-k8s-node-controller/cmd/citrix-node-controller/k8sInterface.go:302.24,304.3 0 0
citrix-k8s-node-controller/cmd/citrix-node-controller/k8sInterface.go:306.80,308.16 2 1
citrix-k8s-node-controller/cmd/citrix-node-controller/k8sInterface.go:311.2,311.33 1 1
citrix-k8s-node-controller/cmd/citrix-node-controller/k8sInterface.go:308.16,310.3 1 0
citrix-k8s-node-controller/cmd/citrix-node-controller/k8sInterface.go:311.33,312.44 1 0
citrix-k8s-node-controller/cmd/citrix-node-controller/k8sInterface.go:312.44,314.4 1 0
citrix-k8s-node-controller/cmd/citrix-node-controller/k8sInterface.go:314.9,314.49 1 0
citrix-k8s-node-controller/cmd/citrix-node-controller/k8sInterface.go:314.49,316.4 1 0
citrix-k8s-node-controller/cmd/citrix-node-controller/k8sInterface.go:316.9,316.50 1 0
citrix-k8s-node-controller/cmd/citrix-node-controller/k8sInterface.go:316.50,318.4 1 0
citrix-k8s-node-controller/cmd/citrix-node-controller/k8sInterface.go:318.9,320.18 1 0
citrix-k8s-node-controller/cmd/citrix-node-controller/k8sInterface.go:323.108,324.40 1 1
citrix-k8s-node-controller/cmd/citrix-node-controller/k8sInterface.go:327.2,327.45 1 1
citrix-k8s-node-controller/cmd/citrix-node-controller/k8sInterface.go:324.40,326.3 1 1
citrix-k8s-node-controller/cmd/citrix-node-controller/k8sInterface.go:327.45,329.3 1 0
citrix-k8s-node-controller/cmd/citrix-node-controller/k8sInterface.go:329.8,331.3 1 1
citrix-k8s-node-controller/cmd/citrix-node-controller/k8sInterface.go:343.125,347.34 2 0
citrix-k8s-node-controller/cmd/citrix-node-controller/k8sInterface.go:361.2,364.9 4 0
citrix-k8s-node-controller/cmd/citrix-node-controller/k8sInterface.go:365.2,365.8 1 0
citrix-k8s-node-controller/cmd/citrix-node-controller/k8sInterface.go:347.34,350.4 2 0
citrix-k8s-node-controller/cmd/citrix-node-controller/k8sInterface.go:351.57,354.4 2 0
citrix-k8s-node-controller/cmd/citrix-node-controller/k8sInterface.go:355.37,358.4 2 0
citrix-k8s-node-controller/cmd/citrix-node-controller/k8sInterface.go:367.71,368.66 1 0
citrix-k8s-node-controller/cmd/citrix-node-controller/k8sInterface.go:371.2,371.6 1 0
citrix-k8s-node-controller/cmd/citrix-node-controller/k8sInterface.go:368.66,370.3 1 0
citrix-k8s-node-controller/cmd/citrix-node-controller/k8sInterface.go:371.6,372.67 1 0
citrix-k8s-node-controller/cmd/citrix-node-controller/k8sInterface.go:372.67,373.9 1 0
citrix-k8s-node-controller/cmd/citrix-node-controller/k8sInterface.go:378.166,386.94 8 0
citrix-k8s-node-controller/cmd/citrix-node-controller/k8sInterface.go:401.9,401.97 1 0
citrix-k8s-node-controller/cmd/citrix-node-controller/k8sInterface.go:403.9,403.97 1 0
citrix-k8s-node-controller/cmd/citrix-node-controller/k8sInterface.go:406.9,406.100 1 0
citrix-k8s-node-controller/cmd/citrix-node-controller/k8sInterface.go:386.94,387.44 1 0
citrix-k8s-node-controller/cmd/citrix-node-controller/k8sInterface.go:387.44,388.88 1 0
citrix-k8s-node-controller/cmd/citrix-node-controller/k8sInterface.go:388.88,389.49 1 0
citrix-k8s-node-controller/cmd/citrix-node-controller/k8sInterface.go:389.49,397.6 7 0
citrix-k8s-node-controller/cmd/citrix-node-controller/k8sInterface.go:401.98,402.3 0 0
citrix-k8s-node-controller/cmd/citrix-node-controller/k8sInterface.go:403.97,405.3 1 0
citrix-k8s-node-controller/cmd/citrix-node-controller/k8sInterface.go:406.101,407.3 0 0
citrix-k8s-node-controller/cmd/citrix-node-controller/k8sInterface.go:410.143,466.16 10 0
citrix-k8s-node-controller/cmd/citrix-node-controller/k8sInterface.go:466.16,468.3 1 0
citrix-k8s-node-controller/cmd/citrix-node-controller/k8sInterface.go:471.146,528.16 11 0
citrix-k8s-node-controller/cmd/citrix-node-controller/k8sInterface.go:532.2,534.64 2 0
citrix-k8s-node-controller/cmd/citrix-node-controller/k8sInterface.go:528.16,530.3 1 0
citrix-k8s-node-controller/cmd/citrix-node-controller/k8sInterface.go:537.123,542.40 5 0
citrix-k8s-node-controller/cmd/citrix-node-controller/k8sInterface.go:542.40,543.37 1 0
citrix-k8s-node-controller/cmd/citrix-node-controller/k8sInterface.go:543.37,550.4 6 0
citrix-k8s-node-controller/cmd/citrix-node-controller/k8sInterface.go:553.125,558.40 5 0
citrix-k8s-node-controller/cmd/citrix-node-controller/k8sInterface.go:558.40,559.37 1 0
citrix-k8s-node-controller/cmd/citrix-node-controller/k8sInterface.go:559.37,566.4 6 0
citrix-k8s-node-controller/cmd/citrix-node-controller/k8sInterface.go:579.169,585.16 6 0
citrix-k8s-node-controller/cmd/citrix-node-controller/k8sInterface.go:588.2,588.26 1 0
citrix-k8s-node-controller/cmd/citrix-node-controller/k8sInterface.go:591.2,591.24 1 0
citrix-k8s-node-controller/cmd/citrix-node-controller/k8sInterface.go:594.2,597.32 4 0
citrix-k8s-node-controller/cmd/citrix-node-controller/k8sInterface.go:602.2,605.50 4 0
citrix-k8s-node-controller/cmd/citrix-node-controller/k8sInterface.go:585.16,587.3 1 0
citrix-k8s-node-controller/cmd/citrix-node-controller/k8sInterface.go:588.26,590.3 1 0
citrix-k8s-node-controller/cmd/citrix-node-controller/k8sInterface.go:591.24,593.3 1 0
citrix-k8s-node-controller/cmd/citrix-node-controller/k8sInterface.go:597.32,599.3 1 0
citrix-k8s-node-controller/cmd/citrix-node-controller/k8sInterface.go:599.7,601.3 1 0
citrix-k8s-node-controller/cmd/citrix-node-controller/k8sInterface.go:618.194,622.24 4 0
citrix-k8s-node-controller/cmd/citrix-node-controller/k8sInterface.go:625.9,626.129 2 0
citrix-k8s-node-controller/cmd/citrix-node-controller/k8sInterface.go:631.2,677.16 13 0
citrix-k8s-node-controller/cmd/citrix-node-controller/k8sInterface.go:680.2,680.25 1 0
citrix-k8s-node-controller/cmd/citrix-node-controller/k8sInterface.go:622.24,624.3 1 0
citrix-k8s-node-controller/cmd/citrix-node-controller/k8sInterface.go:626.129,628.10 1 0
citrix-k8s-node-controller/cmd/citrix-node-controller/k8sInterface.go:628.14,630.3 1 0
citrix-k8s-node-controller/cmd/citrix-node-controller/k8sInterface.go:677.16,679.3 1 0
citrix-k8s-node-controller/cmd/citrix-node-controller/k8sInterface.go:680.25,688.3 7 0
citrix-k8s-node-controller/cmd/citrix-node-controller/k8sInterface.go:688.7,690.3 1 0
citrix-k8s-node-controller/cmd/citrix-node-controller/k8sInterface.go:702.54,703.55 1 0
citrix-k8s-node-controller/cmd/citrix-node-controller/k8sInterface.go:703.55,704.52 1 0
citrix-k8s-node-controller/cmd/citrix-node-controller/k8sInterface.go:704.52,706.4 1 0
citrix-k8s-node-controller/cmd/citrix-node-controller/main.go:7.39,11.2 3 1
citrix-k8s-node-controller/cmd/citrix-node-controller/main.go:12.34,18.16 5 0
citrix-k8s-node-controller/cmd/citrix-node-controller/main.go:21.2,23.60 3 0
citrix-k8s-node-controller/cmd/citrix-node-controller/main.go:18.16,20.3 1 0
citrix-k8s-node-controller/cmd/citrix-node-controller/main.go:27.13,30.2 2 0
citrix-k8s-node-controller/cmd/citrix-node-controller/netScalerInterface.go:25.49,31.2 5 1
citrix-k8s-node-controller/cmd/citrix-node-controller/netScalerInterface.go:32.56,42.2 7 1
citrix-k8s-node-controller/cmd/citrix-node-controller/netScalerInterface.go:46.65,47.21 1 1
citrix-k8s-node-controller/cmd/citrix-node-controller/netScalerInterface.go:48.31,50.19 2 1
citrix-k8s-node-controller/cmd/citrix-node-controller/netScalerInterface.go:51.22,53.80 2 1
citrix-k8s-node-controller/cmd/citrix-node-controller/netScalerInterface.go:55.26,58.19 2 0
citrix-k8s-node-controller/cmd/citrix-node-controller/netScalerInterface.go:61.61,64.80 3 0
citrix-k8s-node-controller/cmd/citrix-node-controller/netScalerInterface.go:65.10,67.19 2 0
citrix-k8s-node-controller/cmd/citrix-node-controller/netScalerInterface.go:72.111,74.16 2 1
citrix-k8s-node-controller/cmd/citrix-node-controller/netScalerInterface.go:77.2,79.23 3 1
citrix-k8s-node-controller/cmd/citrix-node-controller/netScalerInterface.go:86.2,86.17 1 1
citrix-k8s-node-controller/cmd/citrix-node-controller/netScalerInterface.go:74.16,76.3 1 0
citrix-k8s-node-controller/cmd/citrix-node-controller/netScalerInterface.go:79.23,82.3 2 1
citrix-k8s-node-controller/cmd/citrix-node-controller/netScalerInterface.go:82.8,85.3 2 0
citrix-k8s-node-controller/cmd/citrix-node-controller/netScalerInterface.go:88.134,90.16 2 1
citrix-k8s-node-controller/cmd/citrix-node-controller/netScalerInterface.go:93.2,94.17 2 1
citrix-k8s-node-controller/cmd/citrix-node-controller/netScalerInterface.go:97.2,97.16 1 1
citrix-k8s-node-controller/cmd/citrix-node-controller/netScalerInterface.go:100.2,101.26 2 1
citrix-k8s-node-controller/cmd/citrix-node-controller/netScalerInterface.go:90.16,92.3 1 0
citrix-k8s-node-controller/cmd/citrix-node-controller/netScalerInterface.go:94.17,96.3 1 1
citrix-k8s-node-controller/cmd/citrix-node-controller/netScalerInterface.go:97.16,99.3 1 0
citrix-k8s-node-controller/cmd/citrix-node-controller/netScalerInterface.go:104.114,107.28 3 1
citrix-k8s-node-controller/cmd/citrix-node-controller/netScalerInterface.go:112.2,113.91 2 1
citrix-k8s-node-controller/cmd/citrix-node-controller/netScalerInterface.go:107.28,109.3 1 0
citrix-k8s-node-controller/cmd/citrix-node-controller/netScalerInterface.go:109.7,109.56 1 1
citrix-k8s-node-controller/cmd/citrix-node-controller/netScalerInterface.go:109.56,111.10 1 1
citrix-k8s-node-controller/cmd/citrix-node-controller/netScalerInterface.go:116.131,122.16 4 1
citrix-k8s-node-controller/cmd/citrix-node-controller/netScalerInterface.go:126.2,129.16 3 1
citrix-k8s-node-controller/cmd/citrix-node-controller/netScalerInterface.go:132.2,134.18 2 1
citrix-k8s-node-controller/cmd/citrix-node-controller/netScalerInterface.go:122.16,124.3 1 0
citrix-k8s-node-controller/cmd/citrix-node-controller/netScalerInterface.go:129.16,131.3 1 1
citrix-k8s-node-controller/cmd/citrix-node-controller/netScalerInterface.go:189.42,190.20 1 1
citrix-k8s-node-controller/cmd/citrix-node-controller/netScalerInterface.go:193.2,194.37 2 1
citrix-k8s-node-controller/cmd/citrix-node-controller/netScalerInterface.go:190.20,192.3 1 1
citrix-k8s-node-controller/cmd/citrix-node-controller/netScalerInterface.go:197.69,200.2 2 1
citrix-k8s-node-controller/cmd/citrix-node-controller/netScalerInterface.go:201.70,202.34 1 1
citrix-k8s-node-controller/cmd/citrix-node-controller/netScalerInterface.go:202.34,204.17 2 1
citrix-k8s-node-controller/cmd/citrix-node-controller/netScalerInterface.go:204.17,206.4 1 1
citrix-k8s-node-controller/cmd/citrix-node-controller/netScalerInterface.go:210.77,214.2 3 1
citrix-k8s-node-controller/cmd/citrix-node-controller/netScalerInterface.go:215.77,219.2 3 0
citrix-k8s-node-controller/cmd/citrix-node-controller/netScalerInterface.go:221.73,222.34 1 0
citrix-k8s-node-controller/cmd/citrix-node-controller/netScalerInterface.go:222.34,224.17 2 0
citrix-k8s-node-controller/cmd/citrix-node-controller/netScalerInterface.go:224.17,226.4 1 0
citrix-k8s-node-controller/cmd/citrix-node-controller/netScalerInterface.go:238.83,255.2 6 0
citrix-k8s-node-controller/cmd/citrix-node-controller/netScalerInterface.go:257.88,260.17 3 0
citrix-k8s-node-controller/cmd/citrix-node-controller/netScalerInterface.go:263.2,265.17 3 0
citrix-k8s-node-controller/cmd/citrix-node-controller/netScalerInterface.go:260.17,262.3 1 0
citrix-k8s-node-controller/cmd/citrix-node-controller/netScalerInterface.go:265.17,267.3 1 0
citrix-k8s-node-controller/cmd/citrix-node-controller/netScalerInterface.go:270.84,272.2 1 1
citrix-k8s-node-controller/cmd/citrix-node-controller/netScalerInterface.go:275.121,278.16 2 0
citrix-k8s-node-controller/cmd/citrix-node-controller/netScalerInterface.go:288.2,288.12 1 0
citrix-k8s-node-controller/cmd/citrix-node-controller/netScalerInterface.go:278.16,281.17 3 0
citrix-k8s-node-controller/cmd/citrix-node-controller/netScalerInterface.go:281.17,284.4 2 0
citrix-k8s-node-controller/cmd/citrix-node-controller/netScalerInterface.go:285.8,287.3 1 0
citrix-k8s-node-controller/cmd/citrix-node-controller/netScalerInterface.go:290.119,293.24 3 0
citrix-k8s-node-controller/cmd/citrix-node-controller/netScalerInterface.go:298.2,301.89 3 0
citrix-k8s-node-controller/cmd/citrix-node-controller/netScalerInterface.go:293.24,295.3 1 0
citrix-k8s-node-controller/cmd/citrix-node-controller/netScalerInterface.go:295.8,297.3 1 0
citrix-k8s-node-controller/cmd/citrix-node-controller/netScalerInterface.go:305.134,308.34 3 0
citrix-k8s-node-controller/cmd/citrix-node-controller/netScalerInterface.go:312.2,312.67 1 0
citrix-k8s-node-controller/cmd/citrix-node-controller/netScalerInterface.go:308.34,311.3 2 0
citrix-k8s-node-controller/cmd/citrix-node-controller/netScalerInterface.go:315.132,318.34 3 0
citrix-k8s-node-controller/cmd/citrix-node-controller/netScalerInterface.go:322.2,322.65 1 0
citrix-k8s-node-controller/cmd/citrix-node-controller/netScalerInterface.go:318.34,321.3 2 0
citrix-k8s-node-controller/cmd/citrix-node-controller/netScalerInterface.go:325.117,329.24 3 0
citrix-k8s-node-controller/cmd/citrix-node-controller/netScalerInterface.go:334.2,339.16 5 0
citrix-k8s-node-controller/cmd/citrix-node-controller/netScalerInterface.go:344.2,344.18 1 0
citrix-k8s-node-controller/cmd/citrix-node-controller/netScalerInterface.go:329.24,331.3 1 0
citrix-k8s-node-controller/cmd/citrix-node-controller/netScalerInterface.go:331.8,333.3 1 0
citrix-k8s-node-controller/cmd/citrix-node-controller/netScalerInterface.go:339.16,343.3 3 0
citrix-k8s-node-controller/cmd/citrix-node-controller/netScalerInterface.go:347.63,348.21 1 0
citrix-k8s-node-controller/cmd/citrix-node-controller/netScalerInterface.go:349.16,351.19 2 0
citrix-k8s-node-controller/cmd/citrix-node-controller/netScalerInterface.go:352.23,355.61 3 0
citrix-k8s-node-controller/cmd/citrix-node-controller/netScalerInterface.go:358.77,361.102 3 0
citrix-k8s-node-controller/cmd/citrix-node-controller/netScalerInterface.go:362.10,365.19 3 0
citrix-k8s-node-controller/cmd/citrix-node-controller/netScalerInterface.go:369.65,370.21 1 0
citrix-k8s-node-controller/cmd/citrix-node-controller/netScalerInterface.go:371.33,373.19 2 0
citrix-k8s-node-controller/cmd/citrix-node-controller/netScalerInterface.go:377.77,380.94 3 0
citrix-k8s-node-controller/cmd/citrix-node-controller/netScalerInterface.go:381.10,383.19 2 0
citrix-k8s-node-controller/cmd/citrix-node-controller/netScalerInterface.go:388.73,394.16 5 0
citrix-k8s-node-controller/cmd/citrix-node-controller/netScalerInterface.go:397.9,397.60 1 0
citrix-k8s-node-controller/cmd/citrix-node-controller/netScalerInterface.go:401.9,402.32 2 0
citrix-k8s-node-controller/cmd/citrix-node-controller/netScalerInterface.go:406.9,408.37 3 0
citrix-k8s-node-controller/cmd/citrix-node-controller/netScalerInterface.go:411.2,413.16 3 0
citrix-k8s-node-controller/cmd/citrix-node-controller/netScalerInterface.go:394.16,396.3 1 0
citrix-k8s-node-controller/cmd/citrix-node-controller/netScalerInterface.go:397.60,400.10 2 0
citrix-k8s-node-controller/cmd/citrix-node-controller/netScalerInterface.go:402.32,405.10 2 0
citrix-k8s-node-controller/cmd/citrix-node-controller/netScalerInterface.go:408.37,410.10 1 0
citrix-k8s-node-controller/cmd/citrix-node-controller/netScalerInterface.go:416.89,423.16 6 0
citrix-k8s-node-controller/cmd/citrix-node-controller/netScalerInterface.go:426.9,426.63 1 0
citrix-k8s-node-controller/cmd/citrix-node-controller/netScalerInterface.go:430.9,431.32 2 0
citrix-k8s-node-controller/cmd/citrix-node-controller/netScalerInterface.go:435.9,437.37 3 0
citrix-k8s-node-controller/cmd/citrix-node-controller/netScalerInterface.go:440.9,442.14 3 0
citrix-k8s-node-controller/cmd/citrix-node-controller/netScalerInterface.go:423.16,425.3 1 0
citrix-k8s-node-controller/cmd/citrix-node-controller/netScalerInterface.go:426.63,429.10 2 0
citrix-k8s-node-controller/cmd/citrix-node-controller/netScalerInterface.go:431.32,434.10 2 0
citrix-k8s-node-controller/cmd/citrix-node-controller/netScalerInterface.go:437.37,439.10 1 0
citrix-k8s-node-controller/cmd/citrix-node-controller/netScalerInterface.go:445.76,452.16 6 0
citrix-k8s-node-controller/cmd/citrix-node-controller/netScalerInterface.go:455.9,455.62 1 0
citrix-k8s-node-controller/cmd/citrix-node-controller/netScalerInterface.go:459.9,460.32 2 0
citrix-k8s-node-controller/cmd/citrix-node-controller/netScalerInterface.go:464.9,466.37 3 0
citrix-k8s-node-controller/cmd/citrix-node-controller/netScalerInterface.go:469.2,472.13 4 0
citrix-k8s-node-controller/cmd/citrix-node-controller/netScalerInterface.go:452.16,454.3 1 0
citrix-k8s-node-controller/cmd/citrix-node-controller/netScalerInterface.go:455.62,458.10 2 0
citrix-k8s-node-controller/cmd/citrix-node-controller/netScalerInterface.go:460.32,463.10 2 0
citrix-k8s-node-controller/cmd/citrix-node-controller/netScalerInterface.go:466.37,468.10 1 0
citrix-k8s-node-controller/cmd/citrix-node-controller/netScalerInterface.go:475.69,477.25 2 0
citrix-k8s-node-controller/cmd/citrix-node-controller/netScalerInterface.go:480.9,481.23 2 0
citrix-k8s-node-controller/cmd/citrix-node-controller/netScalerInterface.go:484.2,485.16 2 0
citrix-k8s-node-controller/cmd/citrix-node-controller/netScalerInterface.go:477.25,479.3 1 0
citrix-k8s-node-controller/cmd/citrix-node-controller/netScalerInterface.go:481.23,483.3 1 0
citrix-k8s-node-controller/cmd/citrix-node-controller/netScalerInterface.go:487.63,494.16 6 0
citrix-k8s-node-controller/cmd/citrix-node-controller/netScalerInterface.go:497.9,497.62 1 0
citrix-k8s-node-controller/cmd/citrix-node-controller/netScalerInterface.go:501.9,502.32 2 0
citrix-k8s-node-controller/cmd/citrix-node-controller/netScalerInterface.go:506.9,508.37 3 0
citrix-k8s-node-controller/cmd/citrix-node-controller/netScalerInterface.go:519.2,519.16 1 0
citrix-k8s-node-controller/cmd/citrix-node-controller/netScalerInterface.go:494.16,496.3 1 0
citrix-k8s-node-controller/cmd/citrix-node-controller/netScalerInterface.go:497.62,500.10 2 0
citrix-k8s-node-controller/cmd/citrix-node-controller/netScalerInterface.go:502.32,505.10 2 0
citrix-k8s-node-controller/cmd/citrix-node-controller/netScalerInterface.go:508.37,511.27 3 0
citrix-k8s-node-controller/cmd/citrix-node-controller/netScalerInterface.go:511.27,514.4 1 0
citrix-k8s-node-controller/cmd/citrix-node-controller/netScalerInterface.go:514.8,514.34 1 0
citrix-k8s-node-controller/cmd/citrix-node-controller/netScalerInterface.go:514.34,516.4 1 0
citrix-k8s-node-controller/cmd/citrix-node-controller/server.go:16.54,19.16 3 0
citrix-k8s-node-controller/cmd/citrix-node-controller/server.go:22.2,23.51 2 0
citrix-k8s-node-controller/cmd/citrix-node-controller/server.go:19.16,21.3 1 0
citrix-k8s-node-controller/cmd/citrix-node-controller/server.go:25.58,28.16 3 0
citrix-k8s-node-controller/cmd/citrix-node-controller/server.go:31.2,32.51 2 0
citrix-k8s-node-controller/cmd/citrix-node-controller/server.go:28.16,30.3 1 0
citrix-k8s-node-controller/cmd/citrix-node-controller/server.go:34.57,37.16 3 0
citrix-k8s-node-controller/cmd/citrix-node-controller/server.go:40.2,41.51 2 0
citrix-k8s-node-controller/cmd/citrix-node-controller/server.go:37.16,39.3 1 0
citrix-k8s-node-controller/cmd/citrix-node-controller/server.go:43.40,57.2 8 0
citrix-k8s-node-controller/cmd/citrix-node-controller/server.go:59.24,73.12 6 0
citrix-k8s-node-controller/cmd/citrix-node-controller/server.go:80.2,80.22 1 0
citrix-k8s-node-controller/cmd/citrix-node-controller/server.go:73.12,75.46 2 0
citrix-k8s-node-controller/cmd/citrix-node-controller/server.go:75.46,77.4 1 0
citrix-k8s-node-controller/cmd/citrix-node-controller/smartLogger.go:17.55,19.2 1 1
citrix-k8s-node-controller/cmd/citrix-node-controller/smartLogger.go:21.46,23.2 1 1
citrix-k8s-node-controller/cmd/citrix-node-controller/smartLogger.go:25.48,29.2 3 1
citrix-k8s-node-controller/cmd/citrix-node-controller/smartLogger.go:31.45,32.33 1 1
citrix-k8s-node-controller/cmd/citrix-node-controller/smartLogger.go:32.33,35.6 2 1
citrix-k8s-node-controller/cmd/citrix-node-controller/flannel.go:19.52,51.2 12 1
citrix-k8s-node-controller/cmd/citrix-node-controller/flannel.go:61.84,64.16 3 0
citrix-k8s-node-controller/cmd/citrix-node-controller/flannel.go:67.2,67.46 1 0
citrix-k8s-node-controller/cmd/citrix-node-controller/flannel.go:64.16,66.3 1 0
citrix-k8s-node-controller/cmd/citrix-node-controller/flannel.go:78.79,82.16 4 1
citrix-k8s-node-controller/cmd/citrix-node-controller/flannel.go:86.9,88.13 3 1
citrix-k8s-node-controller/cmd/citrix-node-controller/flannel.go:82.16,85.3 2 1
citrix-k8s-node-controller/cmd/citrix-node-controller/flannel.go:99.76,102.16 3 1
citrix-k8s-node-controller/cmd/citrix-node-controller/flannel.go:105.2,106.13 2 1
citrix-k8s-node-controller/cmd/citrix-node-controller/flannel.go:102.16,104.3 1 1
citrix-k8s-node-controller/cmd/citrix-node-controller/flannel.go:118.86,139.2 9 1
citrix-k8s-node-controller/cmd/citrix-node-controller/flannel.go:148.98,159.2 7 0
citrix-k8s-node-controller/cmd/citrix-node-controller/flannel.go:169.106,173.22 4 1
citrix-k8s-node-controller/cmd/citrix-node-controller/flannel.go:180.2,181.40 2 1
citrix-k8s-node-controller/cmd/citrix-node-controller/flannel.go:173.22,176.3 2 1
citrix-k8s-node-controller/cmd/citrix-node-controller/flannel.go:191.111,194.22 3 0
citrix-k8s-node-controller/cmd/citrix-node-controller/flannel.go:198.2,202.45 5 0
citrix-k8s-node-controller/cmd/citrix-node-controller/flannel.go:194.22,197.3 2 0
