mode: set
citrix-k8s-node-controller/cmd/citrix-node-controller/inputFeeder.go:54.56,58.45 4 1
citrix-k8s-node-controller/cmd/citrix-node-controller/inputFeeder.go:62.2,63.50 2 1
citrix-k8s-node-controller/cmd/citrix-node-controller/inputFeeder.go:67.2,68.51 2 1
citrix-k8s-node-controller/cmd/citrix-node-controller/inputFeeder.go:72.2,73.51 2 1
citrix-k8s-node-controller/cmd/citrix-node-controller/inputFeeder.go:77.2,78.49 2 1
citrix-k8s-node-controller/cmd/citrix-node-controller/inputFeeder.go:82.2,83.50 2 1
citrix-k8s-node-controller/cmd/citrix-node-controller/inputFeeder.go:87.2,88.38 2 1
citrix-k8s-node-controller/cmd/citrix-node-controller/inputFeeder.go:92.2,95.22 3 1
citrix-k8s-node-controller/cmd/citrix-node-controller/inputFeeder.go:99.2,106.45 8 1
citrix-k8s-node-controller/cmd/citrix-node-controller/inputFeeder.go:111.2,112.39 2 1
citrix-k8s-node-controller/cmd/citrix-node-controller/inputFeeder.go:116.2,117.40 2 1
citrix-k8s-node-controller/cmd/citrix-node-controller/inputFeeder.go:120.2,121.23 2 1
citrix-k8s-node-controller/cmd/citrix-node-controller/inputFeeder.go:58.45,61.3 2 1
citrix-k8s-node-controller/cmd/citrix-node-controller/inputFeeder.go:63.50,66.3 2 1
citrix-k8s-node-controller/cmd/citrix-node-controller/inputFeeder.go:68.51,71.3 2 1
citrix-k8s-node-controller/cmd/citrix-node-controller/inputFeeder.go:73.51,76.3 2 1
citrix-k8s-node-controller/cmd/citrix-node-controller/inputFeeder.go:78.49,81.3 2 1
citrix-k8s-node-controller/cmd/citrix-node-controller/inputFeeder.go:83.50,86.3 2 0
citrix-k8s-node-controller/cmd/citrix-node-controller/inputFeeder.go:88.38,91.3 2 0
citrix-k8s-node-controller/cmd/citrix-node-controller/inputFeeder.go:95.22,97.101 2 1
citrix-k8s-node-controller/cmd/citrix-node-controller/inputFeeder.go:106.45,110.3 3 1
citrix-k8s-node-controller/cmd/citrix-node-controller/inputFeeder.go:112.39,115.3 2 1
citrix-k8s-node-controller/cmd/citrix-node-controller/inputFeeder.go:117.40,119.3 1 1
citrix-k8s-node-controller/cmd/citrix-node-controller/inputFeeder.go:133.90,135.5 2 0
citrix-k8s-node-controller/cmd/citrix-node-controller/inputFeeder.go:135.5,137.19 2 0
citrix-k8s-node-controller/cmd/citrix-node-controller/inputFeeder.go:137.19,142.9 5 0
citrix-k8s-node-controller/cmd/citrix-node-controller/k8sInterface.go:58.54,66.2 7 1
citrix-k8s-node-controller/cmd/citrix-node-controller/k8sInterface.go:80.63,84.16 4 0
citrix-k8s-node-controller/cmd/citrix-node-controller/k8sInterface.go:93.2,94.16 2 0
citrix-k8s-node-controller/cmd/citrix-node-controller/k8sInterface.go:98.2,100.17 3 0
citrix-k8s-node-controller/cmd/citrix-node-controller/k8sInterface.go:84.16,87.17 3 0
citrix-k8s-node-controller/cmd/citrix-node-controller/k8sInterface.go:87.17,90.4 2 0
citrix-k8s-node-controller/cmd/citrix-node-controller/k8sInterface.go:94.16,97.3 2 0
citrix-k8s-node-controller/cmd/citrix-node-controller/k8sInterface.go:113.121,117.34 2 0
citrix-k8s-node-controller/cmd/citrix-node-controller/k8sInterface.go:128.2,130.8 3 0
citrix-k8s-node-controller/cmd/citrix-node-controller/k8sInterface.go:117.34,119.4 1 0
citrix-k8s-node-controller/cmd/citrix-node-controller/k8sInterface.go:120.57,122.4 1 0
citrix-k8s-node-controller/cmd/citrix-node-controller/k8sInterface.go:123.37,125.4 1 0
citrix-k8s-node-controller/cmd/citrix-node-controller/k8sInterface.go:141.48,144.19 3 1
citrix-k8s-node-controller/cmd/citrix-node-controller/k8sInterface.go:148.2,150.17 3 1
citrix-k8s-node-controller/cmd/citrix-node-controller/k8sInterface.go:144.19,147.10 2 1
citrix-k8s-node-controller/cmd/citrix-node-controller/k8sInterface.go:160.59,162.52 2 0
citrix-k8s-node-controller/cmd/citrix-node-controller/k8sInterface.go:174.2,174.41 1 0
citrix-k8s-node-controller/cmd/citrix-node-controller/k8sInterface.go:162.52,163.33 1 0
citrix-k8s-node-controller/cmd/citrix-node-controller/k8sInterface.go:163.33,166.4 2 0
citrix-k8s-node-controller/cmd/citrix-node-controller/k8sInterface.go:166.8,166.37 1 0
citrix-k8s-node-controller/cmd/citrix-node-controller/k8sInterface.go:166.37,169.4 2 0
citrix-k8s-node-controller/cmd/citrix-node-controller/k8sInterface.go:169.8,169.39 1 0
citrix-k8s-node-controller/cmd/citrix-node-controller/k8sInterface.go:169.39,172.4 2 0
citrix-k8s-node-controller/cmd/citrix-node-controller/k8sInterface.go:184.142,189.16 5 0
citrix-k8s-node-controller/cmd/citrix-node-controller/k8sInterface.go:192.2,193.68 2 0
citrix-k8s-node-controller/cmd/citrix-node-controller/k8sInterface.go:196.2,196.64 1 0
citrix-k8s-node-controller/cmd/citrix-node-controller/k8sInterface.go:200.2,205.36 6 0
citrix-k8s-node-controller/cmd/citrix-node-controller/k8sInterface.go:210.9,210.82 1 0
citrix-k8s-node-controller/cmd/citrix-node-controller/k8sInterface.go:225.2,225.13 1 0
citrix-k8s-node-controller/cmd/citrix-node-controller/k8sInterface.go:189.16,191.3 1 0
citrix-k8s-node-controller/cmd/citrix-node-controller/k8sInterface.go:193.68,195.3 1 0
citrix-k8s-node-controller/cmd/citrix-node-controller/k8sInterface.go:196.64,199.3 2 0
citrix-k8s-node-controller/cmd/citrix-node-controller/k8sInterface.go:205.36,209.3 3 0
citrix-k8s-node-controller/cmd/citrix-node-controller/k8sInterface.go:210.82,211.22 1 0
citrix-k8s-node-controller/cmd/citrix-node-controller/k8sInterface.go:215.3,215.34 1 0
citrix-k8s-node-controller/cmd/citrix-node-controller/k8sInterface.go:218.3,218.30 1 0
citrix-k8s-node-controller/cmd/citrix-node-controller/k8sInterface.go:211.22,214.4 2 0
citrix-k8s-node-controller/cmd/citrix-node-controller/k8sInterface.go:215.34,217.4 1 0
citrix-k8s-node-controller/cmd/citrix-node-controller/k8sInterface.go:218.30,220.4 1 0
citrix-k8s-node-controller/cmd/citrix-node-controller/k8sInterface.go:221.7,224.3 2 0
citrix-k8s-node-controller/cmd/citrix-node-controller/k8sInterface.go:237.135,239.32 2 0
citrix-k8s-node-controller/cmd/citrix-node-controller/k8sInterface.go:239.32,240.48 1 0
citrix-k8s-node-controller/cmd/citrix-node-controller/k8sInterface.go:240.48,242.4 1 0
citrix-k8s-node-controller/cmd/citrix-node-controller/k8sInterface.go:242.8,244.4 1 0
citrix-k8s-node-controller/cmd/citrix-node-controller/k8sInterface.go:245.7,247.3 1 0
citrix-k8s-node-controller/cmd/citrix-node-controller/k8sInterface.go:260.129,262.32 2 0
citrix-k8s-node-controller/cmd/citrix-node-controller/k8sInterface.go:262.32,264.3 1 0
citrix-k8s-node-controller/cmd/citrix-node-controller/k8sInterface.go:264.7,264.79 1 0
citrix-k8s-node-controller/cmd/citrix-node-controller/k8sInterface.go:264.79,266.3 1 0
citrix-k8s-node-controller/cmd/citrix-node-controller/k8sInterface.go:278.138,281.2 2 0
citrix-k8s-node-controller/cmd/citrix-node-controller/k8sInterface.go:293.166,296.20 1 0
citrix-k8s-node-controller/cmd/citrix-node-controller/k8sInterface.go:299.2,299.23 1 0
citrix-k8s-node-controller/cmd/citrix-node-controller/k8sInterface.go:302.2,302.23 1 0
citrix-k8s-node-controller/cmd/citrix-node-controller/k8sInterface.go:296.20,298.3 1 0
citrix-k8s-node-controller/cmd/citrix-node-controller/k8sInterface.go:299.23,301.3 1 0
citrix-k8s-node-controller/cmd/citrix-node-controller/k8sInterface.go:302.24,304.3 0 0
citrix-k8s-node-controller/cmd/citrix-node-controller/k8sInterface.go:306.80,308.16 2 1
citrix-k8s-node-controller/cmd/citrix-node-controller/k8sInterface.go:311.2,311.33 1 1
citrix-k8s-node-controller/cmd/citrix-node-controller/k8sInterface.go:308.16,310.3 1 0
citrix-k8s-node-controller/cmd/citrix-node-controller/k8sInterface.go:311.33,312.44 1 0
citrix-k8s-node-controller/cmd/citrix-node-controller/k8sInterface.go:312.44,314.4 1 0
citrix-k8s-node-controller/cmd/citrix-node-controller/k8sInterface.go:314.9,314.49 1 0
citrix-k8s-node-controller/cmd/citrix-node-controller/k8sInterface.go:314.49,316.4 1 0
citrix-k8s-node-controller/cmd/citrix-node-controller/k8sInterface.go:316.9,316.50 1 0
citrix-k8s-node-controller/cmd/citrix-node-controller/k8sInterface.go:316.50,318.4 1 0
citrix-k8s-node-controller/cmd/citrix-node-controller/k8sInterface.go:318.9,320.18 1 0
citrix-k8s-node-controller/cmd/citrix-node-controller/k8sInterface.go:323.108,324.40 1 1
citrix-k8s-node-controller/cmd/citrix-node-controller/k8sInterface.go:327.2,327.45 1 1
citrix-k8s-node-controller/cmd/citrix-node-controller/k8sInterface.go:324.40,326.3 1 1
citrix-k8s-node-controller/cmd/citrix-node-controller/k8sInterface.go:327.45,329.3 1 0
citrix-k8s-node-controller/cmd/citrix-node-controller/k8sInterface.go:329.8,331.3 1 1
citrix-k8s-node-controller/cmd/citrix-node-controller/k8sInterface.go:343.125,347.34 2 0
citrix-k8s-node-controller/cmd/citrix-node-controller/k8sInterface.go:361.2,364.9 4 0
citrix-k8s-node-controller/cmd/citrix-node-controller/k8sInterface.go:365.2,365.8 1 0
citrix-k8s-node-controller/cmd/citrix-node-controller/k8sInterface.go:347.34,350.4 2 0
citrix-k8s-node-controller/cmd/citrix-node-controller/k8sInterface.go:351.57,354.4 2 0
citrix-k8s-node-controller/cmd/citrix-node-controller/k8sInterface.go:355.37,358.4 2 0
citrix-k8s-node-controller/cmd/citrix-node-controller/k8sInterface.go:367.71,368.66 1 0
citrix-k8s-node-controller/cmd/citrix-node-controller/k8sInterface.go:371.2,371.6 1 0
citrix-k8s-node-controller/cmd/citrix-node-controller/k8sInterface.go:368.66,370.3 1 0
citrix-k8s-node-controller/cmd/citrix-node-controller/k8sInterface.go:371.6,372.67 1 0
citrix-k8s-node-controller/cmd/citrix-node-controller/k8sInterface.go:372.67,373.9 1 0
citrix-k8s-node-controller/cmd/citrix-node-controller/k8sInterface.go:378.166,386.94 8 0
citrix-k8s-node-controller/cmd/citrix-node-controller/k8sInterface.go:401.9,401.97 1 0
citrix-k8s-node-controller/cmd/citrix-node-controller/k8sInterface.go:403.9,403.97 1 0
citrix-k8s-node-controller/cmd/citrix-node-controller/k8sInterface.go:405.9,405.100 1 0
citrix-k8s-node-controller/cmd/citrix-node-controller/k8sInterface.go:386.94,387.44 1 0
citrix-k8s-node-controller/cmd/citrix-node-controller/k8sInterface.go:387.44,388.88 1 0
citrix-k8s-node-controller/cmd/citrix-node-controller/k8sInterface.go:388.88,389.49 1 0
citrix-k8s-node-controller/cmd/citrix-node-controller/k8sInterface.go:389.49,397.6 7 0
citrix-k8s-node-controller/cmd/citrix-node-controller/k8sInterface.go:401.98,402.3 0 0
citrix-k8s-node-controller/cmd/citrix-node-controller/k8sInterface.go:403.98,404.3 0 0
citrix-k8s-node-controller/cmd/citrix-node-controller/k8sInterface.go:405.101,406.3 0 0
citrix-k8s-node-controller/cmd/citrix-node-controller/k8sInterface.go:409.143,465.16 10 0
citrix-k8s-node-controller/cmd/citrix-node-controller/k8sInterface.go:465.16,467.3 1 0
citrix-k8s-node-controller/cmd/citrix-node-controller/k8sInterface.go:470.146,527.16 11 0
citrix-k8s-node-controller/cmd/citrix-node-controller/k8sInterface.go:531.2,533.64 2 0
citrix-k8s-node-controller/cmd/citrix-node-controller/k8sInterface.go:527.16,529.3 1 0
citrix-k8s-node-controller/cmd/citrix-node-controller/k8sInterface.go:536.123,541.40 5 0
citrix-k8s-node-controller/cmd/citrix-node-controller/k8sInterface.go:541.40,542.37 1 0
citrix-k8s-node-controller/cmd/citrix-node-controller/k8sInterface.go:542.37,549.4 6 0
citrix-k8s-node-controller/cmd/citrix-node-controller/k8sInterface.go:552.125,557.40 5 0
citrix-k8s-node-controller/cmd/citrix-node-controller/k8sInterface.go:557.40,558.37 1 0
citrix-k8s-node-controller/cmd/citrix-node-controller/k8sInterface.go:558.37,565.4 6 0
citrix-k8s-node-controller/cmd/citrix-node-controller/k8sInterface.go:578.169,584.16 6 0
citrix-k8s-node-controller/cmd/citrix-node-controller/k8sInterface.go:587.2,587.26 1 0
citrix-k8s-node-controller/cmd/citrix-node-controller/k8sInterface.go:590.2,590.24 1 0
citrix-k8s-node-controller/cmd/citrix-node-controller/k8sInterface.go:593.2,596.32 4 0
citrix-k8s-node-controller/cmd/citrix-node-controller/k8sInterface.go:601.2,604.50 4 0
citrix-k8s-node-controller/cmd/citrix-node-controller/k8sInterface.go:584.16,586.3 1 0
citrix-k8s-node-controller/cmd/citrix-node-controller/k8sInterface.go:587.26,589.3 1 0
citrix-k8s-node-controller/cmd/citrix-node-controller/k8sInterface.go:590.24,592.3 1 0
citrix-k8s-node-controller/cmd/citrix-node-controller/k8sInterface.go:596.32,598.3 1 0
citrix-k8s-node-controller/cmd/citrix-node-controller/k8sInterface.go:598.7,600.3 1 0
citrix-k8s-node-controller/cmd/citrix-node-controller/k8sInterface.go:617.194,621.24 4 0
citrix-k8s-node-controller/cmd/citrix-node-controller/k8sInterface.go:624.9,625.129 2 0
citrix-k8s-node-controller/cmd/citrix-node-controller/k8sInterface.go:630.2,677.16 13 0
citrix-k8s-node-controller/cmd/citrix-node-controller/k8sInterface.go:680.2,680.25 1 0
citrix-k8s-node-controller/cmd/citrix-node-controller/k8sInterface.go:621.24,623.3 1 0
citrix-k8s-node-controller/cmd/citrix-node-controller/k8sInterface.go:625.129,627.10 1 0
citrix-k8s-node-controller/cmd/citrix-node-controller/k8sInterface.go:627.14,629.3 1 0
citrix-k8s-node-controller/cmd/citrix-node-controller/k8sInterface.go:677.16,679.3 1 0
citrix-k8s-node-controller/cmd/citrix-node-controller/k8sInterface.go:680.25,688.3 7 0
citrix-k8s-node-controller/cmd/citrix-node-controller/k8sInterface.go:688.7,690.3 1 0
citrix-k8s-node-controller/cmd/citrix-node-controller/k8sInterface.go:702.54,703.55 1 0
citrix-k8s-node-controller/cmd/citrix-node-controller/k8sInterface.go:703.55,704.52 1 0
citrix-k8s-node-controller/cmd/citrix-node-controller/k8sInterface.go:704.52,706.4 1 0
citrix-k8s-node-controller/cmd/citrix-node-controller/main.go:7.39,11.2 3 1
citrix-k8s-node-controller/cmd/citrix-node-controller/main.go:12.34,15.16 3 0
citrix-k8s-node-controller/cmd/citrix-node-controller/main.go:18.2,21.60 4 0
citrix-k8s-node-controller/cmd/citrix-node-controller/main.go:15.16,17.3 1 0
citrix-k8s-node-controller/cmd/citrix-node-controller/main.go:25.13,28.2 2 0
citrix-k8s-node-controller/cmd/citrix-node-controller/netScalerInterface.go:24.49,30.2 5 1
citrix-k8s-node-controller/cmd/citrix-node-controller/netScalerInterface.go:31.56,38.2 6 1
citrix-k8s-node-controller/cmd/citrix-node-controller/netScalerInterface.go:42.65,43.21 1 0
citrix-k8s-node-controller/cmd/citrix-node-controller/netScalerInterface.go:44.31,46.19 2 0
citrix-k8s-node-controller/cmd/citrix-node-controller/netScalerInterface.go:47.22,49.80 2 0
citrix-k8s-node-controller/cmd/citrix-node-controller/netScalerInterface.go:51.26,54.19 2 0
citrix-k8s-node-controller/cmd/citrix-node-controller/netScalerInterface.go:57.61,60.80 3 0
citrix-k8s-node-controller/cmd/citrix-node-controller/netScalerInterface.go:61.10,63.19 2 0
citrix-k8s-node-controller/cmd/citrix-node-controller/netScalerInterface.go:68.111,70.16 2 1
citrix-k8s-node-controller/cmd/citrix-node-controller/netScalerInterface.go:73.2,75.23 3 1
citrix-k8s-node-controller/cmd/citrix-node-controller/netScalerInterface.go:82.2,82.17 1 1
citrix-k8s-node-controller/cmd/citrix-node-controller/netScalerInterface.go:70.16,72.3 1 0
citrix-k8s-node-controller/cmd/citrix-node-controller/netScalerInterface.go:75.23,78.3 2 1
citrix-k8s-node-controller/cmd/citrix-node-controller/netScalerInterface.go:78.8,81.3 2 0
citrix-k8s-node-controller/cmd/citrix-node-controller/netScalerInterface.go:84.134,86.16 2 1
citrix-k8s-node-controller/cmd/citrix-node-controller/netScalerInterface.go:89.2,90.17 2 1
citrix-k8s-node-controller/cmd/citrix-node-controller/netScalerInterface.go:93.2,93.16 1 1
citrix-k8s-node-controller/cmd/citrix-node-controller/netScalerInterface.go:96.2,97.26 2 0
citrix-k8s-node-controller/cmd/citrix-node-controller/netScalerInterface.go:86.16,88.3 1 0
citrix-k8s-node-controller/cmd/citrix-node-controller/netScalerInterface.go:90.17,92.3 1 0
citrix-k8s-node-controller/cmd/citrix-node-controller/netScalerInterface.go:93.16,95.3 1 1
citrix-k8s-node-controller/cmd/citrix-node-controller/netScalerInterface.go:100.96,105.2 4 1
citrix-k8s-node-controller/cmd/citrix-node-controller/netScalerInterface.go:107.113,113.16 4 1
citrix-k8s-node-controller/cmd/citrix-node-controller/netScalerInterface.go:117.2,120.16 3 1
citrix-k8s-node-controller/cmd/citrix-node-controller/netScalerInterface.go:123.2,125.18 2 0
citrix-k8s-node-controller/cmd/citrix-node-controller/netScalerInterface.go:113.16,115.3 1 0
citrix-k8s-node-controller/cmd/citrix-node-controller/netScalerInterface.go:120.16,122.3 1 1
citrix-k8s-node-controller/cmd/citrix-node-controller/netScalerInterface.go:176.42,177.20 1 1
citrix-k8s-node-controller/cmd/citrix-node-controller/netScalerInterface.go:180.2,181.37 2 1
citrix-k8s-node-controller/cmd/citrix-node-controller/netScalerInterface.go:177.20,179.3 1 1
citrix-k8s-node-controller/cmd/citrix-node-controller/netScalerInterface.go:184.69,187.2 2 1
citrix-k8s-node-controller/cmd/citrix-node-controller/netScalerInterface.go:188.70,189.34 1 1
citrix-k8s-node-controller/cmd/citrix-node-controller/netScalerInterface.go:189.34,191.17 2 1
citrix-k8s-node-controller/cmd/citrix-node-controller/netScalerInterface.go:191.17,193.4 1 1
citrix-k8s-node-controller/cmd/citrix-node-controller/netScalerInterface.go:196.73,197.34 1 0
citrix-k8s-node-controller/cmd/citrix-node-controller/netScalerInterface.go:197.34,199.17 2 0
citrix-k8s-node-controller/cmd/citrix-node-controller/netScalerInterface.go:199.17,201.4 1 0
citrix-k8s-node-controller/cmd/citrix-node-controller/netScalerInterface.go:213.83,230.2 6 0
citrix-k8s-node-controller/cmd/citrix-node-controller/netScalerInterface.go:232.88,235.17 3 0
citrix-k8s-node-controller/cmd/citrix-node-controller/netScalerInterface.go:238.2,240.17 3 0
citrix-k8s-node-controller/cmd/citrix-node-controller/netScalerInterface.go:235.17,237.3 1 0
citrix-k8s-node-controller/cmd/citrix-node-controller/netScalerInterface.go:240.17,242.3 1 0
citrix-k8s-node-controller/cmd/citrix-node-controller/netScalerInterface.go:245.84,247.2 1 1
citrix-k8s-node-controller/cmd/citrix-node-controller/netScalerInterface.go:250.121,253.16 2 0
citrix-k8s-node-controller/cmd/citrix-node-controller/netScalerInterface.go:263.2,263.12 1 0
citrix-k8s-node-controller/cmd/citrix-node-controller/netScalerInterface.go:253.16,256.17 3 0
citrix-k8s-node-controller/cmd/citrix-node-controller/netScalerInterface.go:256.17,259.4 2 0
citrix-k8s-node-controller/cmd/citrix-node-controller/netScalerInterface.go:260.8,262.3 1 0
citrix-k8s-node-controller/cmd/citrix-node-controller/netScalerInterface.go:265.119,268.24 3 0
citrix-k8s-node-controller/cmd/citrix-node-controller/netScalerInterface.go:273.2,276.89 3 0
citrix-k8s-node-controller/cmd/citrix-node-controller/netScalerInterface.go:268.24,270.3 1 0
citrix-k8s-node-controller/cmd/citrix-node-controller/netScalerInterface.go:270.8,272.3 1 0
citrix-k8s-node-controller/cmd/citrix-node-controller/netScalerInterface.go:280.134,283.34 3 0
citrix-k8s-node-controller/cmd/citrix-node-controller/netScalerInterface.go:287.2,287.67 1 0
citrix-k8s-node-controller/cmd/citrix-node-controller/netScalerInterface.go:283.34,286.3 2 0
citrix-k8s-node-controller/cmd/citrix-node-controller/netScalerInterface.go:290.132,293.34 3 0
citrix-k8s-node-controller/cmd/citrix-node-controller/netScalerInterface.go:297.2,297.65 1 0
citrix-k8s-node-controller/cmd/citrix-node-controller/netScalerInterface.go:293.34,296.3 2 0
citrix-k8s-node-controller/cmd/citrix-node-controller/netScalerInterface.go:300.117,304.24 3 0
citrix-k8s-node-controller/cmd/citrix-node-controller/netScalerInterface.go:309.2,314.16 5 0
citrix-k8s-node-controller/cmd/citrix-node-controller/netScalerInterface.go:319.2,319.18 1 0
citrix-k8s-node-controller/cmd/citrix-node-controller/netScalerInterface.go:304.24,306.3 1 0
citrix-k8s-node-controller/cmd/citrix-node-controller/netScalerInterface.go:306.8,308.3 1 0
citrix-k8s-node-controller/cmd/citrix-node-controller/netScalerInterface.go:314.16,318.3 3 0
citrix-k8s-node-controller/cmd/citrix-node-controller/netScalerInterface.go:322.63,323.21 1 0
citrix-k8s-node-controller/cmd/citrix-node-controller/netScalerInterface.go:324.16,326.19 2 0
citrix-k8s-node-controller/cmd/citrix-node-controller/netScalerInterface.go:327.23,330.61 3 0
citrix-k8s-node-controller/cmd/citrix-node-controller/netScalerInterface.go:333.77,336.102 3 0
citrix-k8s-node-controller/cmd/citrix-node-controller/netScalerInterface.go:337.10,340.19 3 0
citrix-k8s-node-controller/cmd/citrix-node-controller/netScalerInterface.go:344.65,345.21 1 0
citrix-k8s-node-controller/cmd/citrix-node-controller/netScalerInterface.go:346.33,348.19 2 0
citrix-k8s-node-controller/cmd/citrix-node-controller/netScalerInterface.go:352.77,355.94 3 0
citrix-k8s-node-controller/cmd/citrix-node-controller/netScalerInterface.go:356.10,358.19 2 0
citrix-k8s-node-controller/cmd/citrix-node-controller/server.go:16.54,19.16 3 0
citrix-k8s-node-controller/cmd/citrix-node-controller/server.go:22.2,23.51 2 0
citrix-k8s-node-controller/cmd/citrix-node-controller/server.go:19.16,21.3 1 0
citrix-k8s-node-controller/cmd/citrix-node-controller/server.go:25.58,28.16 3 0
citrix-k8s-node-controller/cmd/citrix-node-controller/server.go:31.2,32.51 2 0
citrix-k8s-node-controller/cmd/citrix-node-controller/server.go:28.16,30.3 1 0
citrix-k8s-node-controller/cmd/citrix-node-controller/server.go:34.57,37.16 3 0
citrix-k8s-node-controller/cmd/citrix-node-controller/server.go:40.2,41.51 2 0
citrix-k8s-node-controller/cmd/citrix-node-controller/server.go:37.16,39.3 1 0
citrix-k8s-node-controller/cmd/citrix-node-controller/server.go:43.40,57.2 8 0
citrix-k8s-node-controller/cmd/citrix-node-controller/server.go:59.24,73.12 6 0
citrix-k8s-node-controller/cmd/citrix-node-controller/server.go:80.2,80.22 1 0
citrix-k8s-node-controller/cmd/citrix-node-controller/server.go:73.12,75.46 2 0
citrix-k8s-node-controller/cmd/citrix-node-controller/server.go:75.46,77.4 1 0
citrix-k8s-node-controller/cmd/citrix-node-controller/flannel.go:19.52,50.2 12 1
citrix-k8s-node-controller/cmd/citrix-node-controller/flannel.go:60.84,63.16 3 0
citrix-k8s-node-controller/cmd/citrix-node-controller/flannel.go:66.2,66.46 1 0
citrix-k8s-node-controller/cmd/citrix-node-controller/flannel.go:63.16,65.3 1 0
citrix-k8s-node-controller/cmd/citrix-node-controller/flannel.go:77.79,81.16 4 1
citrix-k8s-node-controller/cmd/citrix-node-controller/flannel.go:85.9,87.13 3 1
citrix-k8s-node-controller/cmd/citrix-node-controller/flannel.go:81.16,84.3 2 1
citrix-k8s-node-controller/cmd/citrix-node-controller/flannel.go:98.76,101.16 3 1
citrix-k8s-node-controller/cmd/citrix-node-controller/flannel.go:104.2,105.13 2 1
citrix-k8s-node-controller/cmd/citrix-node-controller/flannel.go:101.16,103.3 1 1
citrix-k8s-node-controller/cmd/citrix-node-controller/flannel.go:117.86,137.2 8 1
citrix-k8s-node-controller/cmd/citrix-node-controller/flannel.go:146.98,155.2 6 0
citrix-k8s-node-controller/cmd/citrix-node-controller/flannel.go:165.106,169.22 4 1
citrix-k8s-node-controller/cmd/citrix-node-controller/flannel.go:176.2,177.40 2 1
citrix-k8s-node-controller/cmd/citrix-node-controller/flannel.go:169.22,172.3 2 1
citrix-k8s-node-controller/cmd/citrix-node-controller/flannel.go:187.111,190.22 3 0
citrix-k8s-node-controller/cmd/citrix-node-controller/flannel.go:194.2,198.45 5 0
citrix-k8s-node-controller/cmd/citrix-node-controller/flannel.go:190.22,193.3 2 0
